2023-03-22 15:58:00,551 DEBUG    root            Loaded Command Group: ['gcloud', 'container', 'clusters']
2023-03-22 15:58:00,554 DEBUG    root            Loaded Command Group: ['gcloud', 'container', 'clusters', 'create']
2023-03-22 15:58:00,583 DEBUG    root            Running [gcloud.container.clusters.create] with arguments: [--image-type: "UBUNTU", NAME: "test"]
2023-03-22 15:58:00,588 INFO     ___FILE_ONLY___ Default change: VPC-native is the default mode during cluster creation for versions greater than 1.21.0-gke.1500. To create advanced routes based clusters, please pass the `--no-enable-ip-alias` flag

2023-03-22 15:58:00,588 INFO     ___FILE_ONLY___ Note: Modifications on the boot disks of node VMs do not persist across node recreations. Nodes are recreated during manual-upgrade, auto-upgrade, auto-repair, and auto-scaling. To preserve modifications across node recreation, use a DaemonSet.

2023-03-22 15:58:00,588 INFO     ___FILE_ONLY___ Default change: During creation of nodepools or autoscaling configuration changes for cluster versions greater than 1.24.1-gke.800 a default location policy is applied. For Spot and PVM it defaults to ANY, and for all other VM kinds a BALANCED policy is used. To change the default values use the `--location-policy` flag.

2023-03-22 15:58:00,589 INFO     ___FILE_ONLY___ Note: Your Pod address range (`--cluster-ipv4-cidr`) can accommodate at most 1008 node(s).

2023-03-22 15:58:00,603 DEBUG    urllib3.connectionpool Starting new HTTPS connection (1): container.googleapis.com:443
2023-03-22 15:58:03,431 DEBUG    urllib3.connectionpool https://container.googleapis.com:443 "POST /v1/projects/pwx-cnbu-cx-support/locations/europe-west4-b/clusters?alt=json HTTP/1.1" 400 None
2023-03-22 15:58:03,439 DEBUG    root            (gcloud.container.clusters.create) ResponseError: code=400, message=
	(1) Creation of node pools using node images based on Docker container runtimes is not supported in GKE v1.23. This is to prepare for the removal of Dockershim in Kubernetes v1.24. We recommend that you migrate to image types based on Containerd (examples). For more information, contact Cloud Support
	(2) Creation of node pools using node images based on Docker container runtimes is not supported in GKE v1.24+ clusters as Dockershim has been removed in Kubernetes v1.24.
Traceback (most recent call last):
  File "/Users/hmasood/Downloads/google-cloud-sdk/lib/surface/container/clusters/create.py", line 1178, in Run
    operation_ref = adapter.CreateCluster(cluster_ref, options)
  File "/Users/hmasood/Downloads/google-cloud-sdk/lib/googlecloudsdk/api_lib/container/api_adapter.py", line 2485, in CreateCluster
    operation = self.client.projects_locations_clusters.Create(req)
  File "/Users/hmasood/Downloads/google-cloud-sdk/lib/googlecloudsdk/generated_clients/apis/container/v1/container_v1_client.py", line 493, in Create
    return self._RunMethod(
  File "/Users/hmasood/Downloads/google-cloud-sdk/lib/third_party/apitools/base/py/base_api.py", line 737, in _RunMethod
    return self.ProcessHttpResponse(method_config, http_response, request)
  File "/Users/hmasood/Downloads/google-cloud-sdk/lib/third_party/apitools/base/py/base_api.py", line 743, in ProcessHttpResponse
    self.__ProcessHttpResponse(method_config, http_response, request))
  File "/Users/hmasood/Downloads/google-cloud-sdk/lib/third_party/apitools/base/py/base_api.py", line 609, in __ProcessHttpResponse
    raise exceptions.HttpError.FromResponse(
apitools.base.py.exceptions.HttpBadRequestError: HttpError accessing <https://container.googleapis.com/v1/projects/pwx-cnbu-cx-support/locations/europe-west4-b/clusters?alt=json>: response: <{'vary': 'Origin, X-Origin, Referer', 'content-type': 'application/json; charset=UTF-8', 'content-encoding': 'gzip', 'date': 'Wed, 22 Mar 2023 15:58:03 GMT', 'server': 'ESF', 'cache-control': 'private', 'x-xss-protection': '0', 'x-frame-options': 'SAMEORIGIN', 'x-content-type-options': 'nosniff', 'alt-svc': 'h3=":443"; ma=2592000,h3-29=":443"; ma=2592000', 'transfer-encoding': 'chunked', 'status': 400}>, content <{
  "error": {
    "code": 400,
    "message": "\n\t(1) Creation of node pools using node images based on Docker container runtimes is not supported in GKE v1.23. This is to prepare for the removal of Dockershim in Kubernetes v1.24. We recommend that you migrate to image types based on Containerd (examples). For more information, contact Cloud Support\n\t(2) Creation of node pools using node images based on Docker container runtimes is not supported in GKE v1.24+ clusters as Dockershim has been removed in Kubernetes v1.24.",
    "status": "INVALID_ARGUMENT"
  }
}
>

During handling of the above exception, another exception occurred:

Traceback (most recent call last):
  File "/Users/hmasood/Downloads/google-cloud-sdk/lib/googlecloudsdk/calliope/cli.py", line 987, in Execute
    resources = calliope_command.Run(cli=self, args=args)
  File "/Users/hmasood/Downloads/google-cloud-sdk/lib/googlecloudsdk/calliope/backend.py", line 807, in Run
    resources = command_instance.Run(args)
  File "/Users/hmasood/Downloads/google-cloud-sdk/lib/surface/container/clusters/create.py", line 1189, in Run
    raise exceptions.HttpException(error, util.HTTP_ERROR_FORMAT)
googlecloudsdk.calliope.exceptions.HttpException: ResponseError: code=400, message=
	(1) Creation of node pools using node images based on Docker container runtimes is not supported in GKE v1.23. This is to prepare for the removal of Dockershim in Kubernetes v1.24. We recommend that you migrate to image types based on Containerd (examples). For more information, contact Cloud Support
	(2) Creation of node pools using node images based on Docker container runtimes is not supported in GKE v1.24+ clusters as Dockershim has been removed in Kubernetes v1.24.
2023-03-22 15:58:03,457 ERROR    root            (gcloud.container.clusters.create) ResponseError: code=400, message=
	(1) Creation of node pools using node images based on Docker container runtimes is not supported in GKE v1.23. This is to prepare for the removal of Dockershim in Kubernetes v1.24. We recommend that you migrate to image types based on Containerd (examples). For more information, contact Cloud Support
	(2) Creation of node pools using node images based on Docker container runtimes is not supported in GKE v1.24+ clusters as Dockershim has been removed in Kubernetes v1.24.
